0 info it worked if it ends with ok
1 verbose cli [ '/usr/bin/node', '/usr/bin/npm', 'install', '-g', 'npm' ]
2 info using npm@6.14.4
3 info using node@v10.19.0
4 verbose npm-session acb2c31be6170773
5 silly install loadCurrentTree
6 silly install readGlobalPackageData
7 http fetch GET 200 https://registry.npmjs.org/npm 416ms
8 http fetch GET 200 https://registry.npmjs.org/npm/-/npm-9.2.0.tgz 308ms
9 silly pacote tag manifest for npm@latest fetched in 773ms
10 timing stage:loadCurrentTree Completed in 788ms
11 silly install loadIdealTree
12 silly install cloneCurrentTreeToIdealTree
13 timing stage:loadIdealTree:cloneCurrentTree Completed in 1ms
14 silly install loadShrinkwrap
15 timing stage:loadIdealTree:loadShrinkwrap Completed in 0ms
16 silly install loadAllDepsIntoIdealTree
17 silly resolveWithNewModule npm@9.2.0 checking installable status
18 silly tarball trying https://registry.npmjs.org/npm/-/npm-9.2.0.tgz by hash: sha512-oypVdaWGHDuV79RXLvp+B9gh6gDyAmoHKrQ0/JBYTWWx5D8/+AAxFdZC84fSIiyDdyW4qfrSyYGKhekxDOaMXQ==
19 silly extract https://registry.npmjs.org/npm/-/npm-9.2.0.tgz extracted to /tmp/npm-40-526fe005/unpack-f30197af (936ms)
20 silly addBundled read tarball
21 silly cleanup remove extracted module
22 timing stage:loadIdealTree:loadAllDepsIntoIdealTree Completed in 1633ms
23 timing stage:loadIdealTree Completed in 1703ms
24 silly currentTree lib
25 silly idealTree lib
25 silly idealTree └─┬ npm@9.2.0
25 silly idealTree   ├── @colors/colors@1.5.0
25 silly idealTree   ├── @gar/promisify@1.1.3
25 silly idealTree   ├── @isaacs/string-locale-compare@1.1.0
25 silly idealTree   ├── @npmcli/arborist@6.1.5
25 silly idealTree   ├── @npmcli/config@6.1.0
25 silly idealTree   ├── @npmcli/disparity-colors@3.0.0
25 silly idealTree   ├── @npmcli/fs@3.1.0
25 silly idealTree   ├── @npmcli/git@4.0.3
25 silly idealTree   ├── @npmcli/installed-package-contents@2.0.1
25 silly idealTree   ├── @npmcli/map-workspaces@3.0.0
25 silly idealTree   ├── @npmcli/metavuln-calculator@5.0.0
25 silly idealTree   ├── @npmcli/name-from-folder@1.0.1
25 silly idealTree   ├── @npmcli/node-gyp@3.0.0
25 silly idealTree   ├── @npmcli/package-json@3.0.0
25 silly idealTree   ├── @npmcli/promise-spawn@6.0.1
25 silly idealTree   ├── @npmcli/query@3.0.0
25 silly idealTree   ├── @npmcli/run-script@6.0.0
25 silly idealTree   ├── @tootallnate/once@2.0.0
25 silly idealTree   ├── abbrev@2.0.0
25 silly idealTree   ├── abort-controller@3.0.0
25 silly idealTree   ├── agent-base@6.0.2
25 silly idealTree   ├── agentkeepalive@4.2.1
25 silly idealTree   ├── aggregate-error@3.1.0
25 silly idealTree   ├── ansi-regex@5.0.1
25 silly idealTree   ├── ansi-styles@4.3.0
25 silly idealTree   ├── aproba@2.0.0
25 silly idealTree   ├── archy@1.0.0
25 silly idealTree   ├─┬ are-we-there-yet@4.0.0
25 silly idealTree   │ ├── buffer@6.0.3
25 silly idealTree   │ └── readable-stream@4.2.0
25 silly idealTree   ├── balanced-match@1.0.2
25 silly idealTree   ├── base64-js@1.5.1
25 silly idealTree   ├── bin-links@4.0.1
25 silly idealTree   ├── binary-extensions@2.2.0
25 silly idealTree   ├── brace-expansion@2.0.1
25 silly idealTree   ├── builtins@5.0.1
25 silly idealTree   ├── cacache@17.0.3
25 silly idealTree   ├── chalk@4.1.2
25 silly idealTree   ├── chownr@2.0.0
25 silly idealTree   ├── ci-info@3.7.0
25 silly idealTree   ├── cidr-regex@3.1.1
25 silly idealTree   ├── clean-stack@2.2.0
25 silly idealTree   ├── cli-columns@4.0.0
25 silly idealTree   ├── cli-table3@0.6.3
25 silly idealTree   ├── clone@1.0.4
25 silly idealTree   ├── cmd-shim@6.0.0
25 silly idealTree   ├── color-convert@2.0.1
25 silly idealTree   ├── color-name@1.1.4
25 silly idealTree   ├── color-support@1.1.3
25 silly idealTree   ├── columnify@1.6.0
25 silly idealTree   ├── common-ancestor-path@1.0.1
25 silly idealTree   ├── concat-map@0.0.1
25 silly idealTree   ├── console-control-strings@1.1.0
25 silly idealTree   ├── cssesc@3.0.0
25 silly idealTree   ├─┬ debug@4.3.4
25 silly idealTree   │ └── ms@2.1.2
25 silly idealTree   ├── defaults@1.0.3
25 silly idealTree   ├── delegates@1.0.0
25 silly idealTree   ├── depd@1.1.2
25 silly idealTree   ├── diff@5.1.0
25 silly idealTree   ├── emoji-regex@8.0.0
25 silly idealTree   ├── encoding@0.1.13
25 silly idealTree   ├── env-paths@2.2.1
25 silly idealTree   ├── err-code@2.0.3
25 silly idealTree   ├── event-target-shim@5.0.1
25 silly idealTree   ├── events@3.3.0
25 silly idealTree   ├── fastest-levenshtein@1.0.16
25 silly idealTree   ├─┬ fs-minipass@2.1.0
25 silly idealTree   │ └── minipass@3.3.6
25 silly idealTree   ├── fs.realpath@1.0.0
25 silly idealTree   ├── function-bind@1.1.1
25 silly idealTree   ├── gauge@5.0.0
25 silly idealTree   ├── glob@8.0.3
25 silly idealTree   ├── graceful-fs@4.2.10
25 silly idealTree   ├── has-flag@4.0.0
25 silly idealTree   ├── has-unicode@2.0.1
25 silly idealTree   ├── has@1.0.3
25 silly idealTree   ├── hosted-git-info@6.1.1
25 silly idealTree   ├── http-cache-semantics@4.1.0
25 silly idealTree   ├── http-proxy-agent@5.0.0
25 silly idealTree   ├── https-proxy-agent@5.0.1
25 silly idealTree   ├── humanize-ms@1.2.1
25 silly idealTree   ├── iconv-lite@0.6.3
25 silly idealTree   ├── ieee754@1.2.1
25 silly idealTree   ├── ignore-walk@6.0.0
25 silly idealTree   ├── imurmurhash@0.1.4
25 silly idealTree   ├── indent-string@4.0.0
25 silly idealTree   ├── infer-owner@1.0.4
25 silly idealTree   ├── inflight@1.0.6
25 silly idealTree   ├── inherits@2.0.4
25 silly idealTree   ├── ini@3.0.1
25 silly idealTree   ├── init-package-json@4.0.1
25 silly idealTree   ├── ip-regex@4.3.0
25 silly idealTree   ├── ip@2.0.0
25 silly idealTree   ├── is-cidr@4.0.2
25 silly idealTree   ├── is-core-module@2.10.0
25 silly idealTree   ├── is-fullwidth-code-point@3.0.0
25 silly idealTree   ├── is-lambda@1.0.1
25 silly idealTree   ├── isexe@2.0.0
25 silly idealTree   ├── json-parse-even-better-errors@3.0.0
25 silly idealTree   ├── json-stringify-nice@1.1.4
25 silly idealTree   ├── jsonparse@1.3.1
25 silly idealTree   ├── just-diff-apply@5.4.1
25 silly idealTree   ├── just-diff@5.1.1
25 silly idealTree   ├── libnpmaccess@7.0.1
25 silly idealTree   ├── libnpmdiff@5.0.6
25 silly idealTree   ├── libnpmexec@5.0.6
25 silly idealTree   ├── libnpmfund@4.0.6
25 silly idealTree   ├── libnpmhook@9.0.1
25 silly idealTree   ├── libnpmorg@5.0.1
25 silly idealTree   ├── libnpmpack@5.0.6
25 silly idealTree   ├── libnpmpublish@7.0.6
25 silly idealTree   ├── libnpmsearch@6.0.1
25 silly idealTree   ├── libnpmteam@5.0.1
25 silly idealTree   ├── libnpmversion@4.0.1
25 silly idealTree   ├── lru-cache@7.13.2
25 silly idealTree   ├── make-fetch-happen@11.0.2
25 silly idealTree   ├── minimatch@5.1.1
25 silly idealTree   ├─┬ minipass-collect@1.0.2
25 silly idealTree   │ └── minipass@3.3.6
25 silly idealTree   ├─┬ minipass-fetch@3.0.0
25 silly idealTree   │ └── minipass@3.3.6
25 silly idealTree   ├─┬ minipass-flush@1.0.5
25 silly idealTree   │ └── minipass@3.3.6
25 silly idealTree   ├─┬ minipass-json-stream@1.0.1
25 silly idealTree   │ └── minipass@3.3.6
25 silly idealTree   ├─┬ minipass-pipeline@1.2.4
25 silly idealTree   │ └── minipass@3.3.6
25 silly idealTree   ├─┬ minipass-sized@1.0.3
25 silly idealTree   │ └── minipass@3.3.6
25 silly idealTree   ├── minipass@4.0.0
25 silly idealTree   ├─┬ minizlib@2.1.2
25 silly idealTree   │ └── minipass@3.3.6
25 silly idealTree   ├── mkdirp@1.0.4
25 silly idealTree   ├── ms@2.1.3
25 silly idealTree   ├── mute-stream@0.0.8
25 silly idealTree   ├── negotiator@0.6.3
25 silly idealTree   ├─┬ node-gyp@9.3.0
25 silly idealTree   │ ├── @npmcli/fs@2.1.2
25 silly idealTree   │ ├── @npmcli/move-file@2.0.1
25 silly idealTree   │ ├── abbrev@1.1.1
25 silly idealTree   │ ├── are-we-there-yet@3.0.1
25 silly idealTree   │ ├── brace-expansion@1.1.11
25 silly idealTree   │ ├─┬ cacache@16.1.3
25 silly idealTree   │ │ ├── brace-expansion@2.0.1
25 silly idealTree   │ │ ├── glob@8.0.3
25 silly idealTree   │ │ └── minimatch@5.1.0
25 silly idealTree   │ ├── gauge@4.0.4
25 silly idealTree   │ ├── glob@7.2.3
25 silly idealTree   │ ├── make-fetch-happen@10.2.1
25 silly idealTree   │ ├── minimatch@3.1.2
25 silly idealTree   │ ├── minipass-fetch@2.1.2
25 silly idealTree   │ ├── minipass@3.3.6
25 silly idealTree   │ ├── nopt@6.0.0
25 silly idealTree   │ ├── npmlog@6.0.2
25 silly idealTree   │ ├── ssri@9.0.1
25 silly idealTree   │ ├── unique-filename@2.0.1
25 silly idealTree   │ ├── unique-slug@3.0.0
25 silly idealTree   │ └── which@2.0.2
25 silly idealTree   ├── nopt@7.0.0
25 silly idealTree   ├── normalize-package-data@5.0.0
25 silly idealTree   ├── npm-audit-report@4.0.0
25 silly idealTree   ├── npm-bundled@3.0.0
25 silly idealTree   ├── npm-install-checks@6.0.0
25 silly idealTree   ├── npm-normalize-package-bin@3.0.0
25 silly idealTree   ├── npm-package-arg@10.1.0
25 silly idealTree   ├── npm-packlist@7.0.4
25 silly idealTree   ├── npm-pick-manifest@8.0.1
25 silly idealTree   ├── npm-profile@7.0.1
25 silly idealTree   ├── npm-registry-fetch@14.0.3
25 silly idealTree   ├── npm-user-validate@1.0.1
25 silly idealTree   ├── npmlog@7.0.1
25 silly idealTree   ├── once@1.4.0
25 silly idealTree   ├── p-map@4.0.0
25 silly idealTree   ├── pacote@15.0.7
25 silly idealTree   ├── parse-conflict-json@3.0.0
25 silly idealTree   ├── path-is-absolute@1.0.1
25 silly idealTree   ├── postcss-selector-parser@6.0.10
25 silly idealTree   ├── proc-log@3.0.0
25 silly idealTree   ├── process@0.11.10
25 silly idealTree   ├── promise-all-reject-late@1.0.1
25 silly idealTree   ├── promise-call-limit@1.0.1
25 silly idealTree   ├── promise-inflight@1.0.1
25 silly idealTree   ├── promise-retry@2.0.1
25 silly idealTree   ├── promzard@0.3.0
25 silly idealTree   ├── qrcode-terminal@0.12.0
25 silly idealTree   ├── read-cmd-shim@4.0.0
25 silly idealTree   ├── read-package-json-fast@3.0.1
25 silly idealTree   ├── read-package-json@6.0.0
25 silly idealTree   ├── read@1.0.7
25 silly idealTree   ├── readable-stream@3.6.0
25 silly idealTree   ├── retry@0.12.0
25 silly idealTree   ├─┬ rimraf@3.0.2
25 silly idealTree   │ ├── brace-expansion@1.1.11
25 silly idealTree   │ ├── glob@7.2.3
25 silly idealTree   │ └── minimatch@3.1.2
25 silly idealTree   ├── safe-buffer@5.2.1
25 silly idealTree   ├── safer-buffer@2.1.2
25 silly idealTree   ├─┬ semver@7.3.8
25 silly idealTree   │ └── lru-cache@6.0.0
25 silly idealTree   ├── set-blocking@2.0.0
25 silly idealTree   ├── signal-exit@3.0.7
25 silly idealTree   ├── smart-buffer@4.2.0
25 silly idealTree   ├── socks-proxy-agent@7.0.0
25 silly idealTree   ├── socks@2.7.0
25 silly idealTree   ├── spdx-correct@3.1.1
25 silly idealTree   ├── spdx-exceptions@2.3.0
25 silly idealTree   ├── spdx-expression-parse@3.0.1
25 silly idealTree   ├── spdx-license-ids@3.0.11
25 silly idealTree   ├── ssri@10.0.1
25 silly idealTree   ├── string_decoder@1.3.0
25 silly idealTree   ├── string-width@4.2.3
25 silly idealTree   ├── strip-ansi@6.0.1
25 silly idealTree   ├── supports-color@7.2.0
25 silly idealTree   ├── tar@6.1.13
25 silly idealTree   ├── text-table@0.2.0
25 silly idealTree   ├── tiny-relative-date@1.3.0
25 silly idealTree   ├── treeverse@3.0.0
25 silly idealTree   ├── unique-filename@3.0.0
25 silly idealTree   ├── unique-slug@4.0.0
25 silly idealTree   ├── util-deprecate@1.0.2
25 silly idealTree   ├── validate-npm-package-license@3.0.4
25 silly idealTree   ├── validate-npm-package-name@5.0.0
25 silly idealTree   ├── walk-up-path@1.0.0
25 silly idealTree   ├── wcwidth@1.0.1
25 silly idealTree   ├── which@3.0.0
25 silly idealTree   ├── wide-align@1.1.5
25 silly idealTree   ├── wrappy@1.0.2
25 silly idealTree   ├── write-file-atomic@5.0.0
25 silly idealTree   └── yallist@4.0.0
26 silly install generateActionsToTake
27 warn checkPermissions Missing write access to /usr/local/lib/node_modules
28 timing stage:rollbackFailedOptional Completed in 1ms
29 timing stage:runTopLevelLifecycles Completed in 2523ms
30 warn notsup Unsupported engine for npm@9.2.0: wanted: {"node":"^14.17.0 || ^16.13.0 || >=18.0.0"} (current: {"node":"10.19.0","npm":"6.14.4"})
31 warn notsup Not compatible with your version of node/npm: npm@9.2.0
32 verbose notsup Not compatible with your version of node/npm: npm@9.2.0
32 verbose notsup Required: {"node":"^14.17.0 || ^16.13.0 || >=18.0.0"}
32 verbose notsup Actual:   {"npm":"6.14.4","node":"10.19.0"}
33 verbose stack Error: EACCES: permission denied, access '/usr/local/lib/node_modules'
34 verbose cwd /home/agrawe/.config/nvim
35 verbose Linux 5.15.79.1-microsoft-standard-WSL2
36 verbose argv "/usr/bin/node" "/usr/bin/npm" "install" "-g" "npm"
37 verbose node v10.19.0
38 verbose npm  v6.14.4
39 error code EACCES
40 error syscall access
41 error path /usr/local/lib/node_modules
42 error errno -13
43 error Error: EACCES: permission denied, access '/usr/local/lib/node_modules'
43 error  { [Error: EACCES: permission denied, access '/usr/local/lib/node_modules']
43 error   stack:
43 error    'Error: EACCES: permission denied, access \'/usr/local/lib/node_modules\'',
43 error   errno: -13,
43 error   code: 'EACCES',
43 error   syscall: 'access',
43 error   path: '/usr/local/lib/node_modules' }
44 error The operation was rejected by your operating system.
44 error It is likely you do not have the permissions to access this file as the current user
44 error
44 error If you believe this might be a permissions issue, please double-check the
44 error permissions of the file and its containing directories, or try running
44 error the command again as root/Administrator.
45 verbose exit [ -13, true ]
